<?xml version="1.0" encoding="UTF-8"?>
<!-- Generated by org.testng.reporters.JUnitXMLReporter -->
<testsuite ignored="0" hostname="Sasi" failures="0" tests="4" name="Test" time="14.971" errors="0" timestamp="2022-02-24T07:54:10 IST">
  <testcase classname="com.testng.DemoTestNG" name="test" time="0.01"/>
  <testcase classname="com.testng.DemoTestNG" name="test1" time="0.001"/>
  <testcase classname="com.selenium.alerts.DemoAlerts" name="testM" time="8.272"/>
  <testcase classname="com.selenium.basics.OpenChromeBrowser" name="testP" time="6.652"/>
</testsuite> <!-- Test -->
