<?xml version="1.0" encoding="UTF-8"?>
<testng-results ignored="0" total="1" passed="1" failed="0" skipped="0">
  <reporter-output>
  </reporter-output>
  <suite started-at="2022-02-12T06:59:58 IST" name="Default suite" finished-at="2022-02-12T06:59:59 IST" duration-ms="59">
    <groups>
    </groups>
    <test started-at="2022-02-12T06:59:58 IST" name="Default test" finished-at="2022-02-12T06:59:59 IST" duration-ms="59">
      <class name="com.test.test1">
        <test-method signature="login()[pri:0, instance:com.test.test1@524d6d96]" started-at="2022-02-12T06:59:59 IST" name="login" finished-at="2022-02-12T06:59:59 IST" duration-ms="12" status="PASS">
          <reporter-output>
          </reporter-output>
        </test-method> <!-- login -->
      </class> <!-- com.test.test1 -->
    </test> <!-- Default test -->
  </suite> <!-- Default suite -->
</testng-results>
